<?xml version="1.0" encoding="UTF-8"?>
<testsuite xmlns:xsi="http://www.w3.org/2001/XMLSchema-instance" xsi:noNamespaceSchemaLocation="https://maven.apache.org/surefire/maven-surefire-plugin/xsd/surefire-test-report-3.0.xsd" version="3.0" name="eql.RunnerSoapUI_parameteredTest" time="1.458" tests="4" errors="0" skipped="0" failures="0">
  <properties>
    <property name="sun.desktop" value="windows"/>
    <property name="awt.toolkit" value="sun.awt.windows.WToolkit"/>
    <property name="file.encoding.pkg" value="sun.io"/>
    <property name="java.specification.version" value="1.8"/>
    <property name="sun.cpu.isalist" value="amd64"/>
    <property name="sun.jnu.encoding" value="Cp1252"/>
    <property name="sun.awt.enableExtraMouseButtons" value="true"/>
    <property name="java.class.path" value="C:\Users\formation\Documents\SquashTA-1.10.0-RELEASE-workspace\SoapMethodeSimple\target\test-classes;C:\Users\formation\Documents\SquashTA-1.10.0-RELEASE-workspace\SoapMethodeSimple\target\classes;C:\Users\formation\.m2\repository\org\apache\logging\log4j\log4j-slf4j-impl\2.1\log4j-slf4j-impl-2.1.jar;C:\Users\formation\.m2\repository\org\slf4j\slf4j-api\1.7.7\slf4j-api-1.7.7.jar;C:\Users\formation\.m2\repository\org\apache\logging\log4j\log4j-api\2.1\log4j-api-2.1.jar;C:\Users\formation\.m2\repository\com\jgoodies\jgoodies-forms\1.6.0\jgoodies-forms-1.6.0.jar;C:\Users\formation\.m2\repository\com\jgoodies\jgoodies-common\1.4.0\jgoodies-common-1.4.0.jar;C:\Users\formation\.m2\repository\org\apache\flex\blazeds\flex-messaging-core\4.7.0\flex-messaging-core-4.7.0.jar;C:\Users\formation\.m2\repository\org\apache\flex\blazeds\flex-messaging-common\4.7.0\flex-messaging-common-4.7.0.jar;C:\Installation\Java\jdk1.8.0_152\jre\..\lib\tools.jar;C:\Users\formation\.m2\repository\org\bouncycastle\bcprov-jdk16\1.45\bcprov-jdk16-1.45.jar;C:\Users\formation\.m2\repository\junit\junit\4.12\junit-4.12.jar;C:\Users\formation\.m2\repository\org\hamcrest\hamcrest-core\1.3\hamcrest-core-1.3.jar;C:\Installation\SmartBear\SoapUI-5.4.0\bin\soapui-5.4.0.jar;C:\Installation\SmartBear\SoapUI-5.4.0\lib\proxy-vole-20131209.jar;C:\Installation\SmartBear\SoapUI-5.4.0\lib\xbean-fixed-2.4.0.jar;C:\Users\formation\.m2\repository\log4j\log4j\1.2.8\log4j-1.2.8.jar;C:\Users\formation\.m2\repository\com\fifesoft\rsyntaxtextarea\1.4.0\rsyntaxtextarea-1.4.0.jar;C:\Installation\SmartBear\SoapUI-5.4.0\lib\jms-1.1.jar;C:\Users\formation\.m2\repository\commons-io\commons-io\2.6\commons-io-2.6.jar;C:\Users\formation\.m2\repository\org\apache\httpcomponents\httpclient\4.1.1\httpclient-4.1.1.jar;C:\Users\formation\.m2\repository\org\apache\httpcomponents\httpcore\4.1\httpcore-4.1.jar;C:\Users\formation\.m2\repository\commons-logging\commons-logging\1.1.1\commons-logging-1.1.1.jar;C:\Users\formation\.m2\repository\commons-codec\commons-codec\1.4\commons-codec-1.4.jar;C:\Users\formation\.m2\repository\xalan\xalan\2.7.0\xalan-2.7.0.jar;C:\Users\formation\.m2\repository\xml-apis\xml-apis\1.0.b2\xml-apis-1.0.b2.jar;C:\Users\formation\.m2\repository\org\reflections\reflections\0.9.9-RC1\reflections-0.9.9-RC1.jar;C:\Users\formation\.m2\repository\com\google\guava\guava\11.0.2\guava-11.0.2.jar;C:\Users\formation\.m2\repository\com\google\code\findbugs\jsr305\1.3.9\jsr305-1.3.9.jar;C:\Users\formation\.m2\repository\org\javassist\javassist\3.16.1-GA\javassist-3.16.1-GA.jar;C:\Users\formation\.m2\repository\dom4j\dom4j\1.6.1\dom4j-1.6.1.jar;C:\Users\formation\.m2\repository\org\codehaus\groovy\groovy-all\2.4.4\groovy-all-2.4.4.jar;C:\Users\formation\.m2\repository\commons-lang\commons-lang\2.4\commons-lang-2.4.jar;C:\Users\formation\.m2\repository\commons-beanutils\commons-beanutils\1.7.0\commons-beanutils-1.7.0.jar;C:\Users\formation\.m2\repository\commons-collections\commons-collections\3.2.1\commons-collections-3.2.1.jar;C:\Users\formation\.m2\repository\commons-cli\commons-cli\1.0\commons-cli-1.0.jar;C:\Users\formation\.m2\repository\javax\mail\mail\1.4\mail-1.4.jar;C:\Users\formation\.m2\repository\javax\activation\activation\1.1\activation-1.1.jar;C:\Users\formation\.m2\repository\org\mortbay\jetty\servlet-api\2.5-20081211\servlet-api-2.5-20081211.jar;C:\Users\formation\.m2\repository\wsdl4j\wsdl4j\1.6.2\wsdl4j-1.6.2.jar;C:\Users\formation\.m2\repository\xerces\xercesImpl\2.9.1\xercesImpl-2.9.1.jar;C:\Users\formation\.m2\repository\xmlunit\xmlunit\1.2\xmlunit-1.2.jar;"/>
    <property name="java.vm.vendor" value="Oracle Corporation"/>
    <property name="sun.arch.data.model" value="64"/>
    <property name="user.variant" value=""/>
    <property name="java.vendor.url" value="http://java.oracle.com/"/>
    <property name="user.timezone" value="Europe/Paris"/>
    <property name="java.vm.specification.version" value="1.8"/>
    <property name="os.name" value="Windows 10"/>
    <property name="user.country" value="FR"/>
    <property name="sun.java.launcher" value="SUN_STANDARD"/>
    <property name="sun.boot.library.path" value="C:\Installation\Java\jdk1.8.0_152\jre\bin"/>
    <property name="sun.java.command" value="C:\Users\formation\AppData\Local\Temp\surefire5744807754659067884\surefirebooter1480738486102945275.jar C:\Users\formation\AppData\Local\Temp\surefire5744807754659067884 2020-09-01T20-42-56_367-jvmRun1 surefire8899111453048356108tmp surefire_03399630002869315807tmp"/>
    <property name="surefire.test.class.path" value="C:\Users\formation\Documents\SquashTA-1.10.0-RELEASE-workspace\SoapMethodeSimple\target\test-classes;C:\Users\formation\Documents\SquashTA-1.10.0-RELEASE-workspace\SoapMethodeSimple\target\classes;C:\Users\formation\.m2\repository\org\apache\logging\log4j\log4j-slf4j-impl\2.1\log4j-slf4j-impl-2.1.jar;C:\Users\formation\.m2\repository\org\slf4j\slf4j-api\1.7.7\slf4j-api-1.7.7.jar;C:\Users\formation\.m2\repository\org\apache\logging\log4j\log4j-api\2.1\log4j-api-2.1.jar;C:\Users\formation\.m2\repository\com\jgoodies\jgoodies-forms\1.6.0\jgoodies-forms-1.6.0.jar;C:\Users\formation\.m2\repository\com\jgoodies\jgoodies-common\1.4.0\jgoodies-common-1.4.0.jar;C:\Users\formation\.m2\repository\org\apache\flex\blazeds\flex-messaging-core\4.7.0\flex-messaging-core-4.7.0.jar;C:\Users\formation\.m2\repository\org\apache\flex\blazeds\flex-messaging-common\4.7.0\flex-messaging-common-4.7.0.jar;C:\Installation\Java\jdk1.8.0_152\jre\..\lib\tools.jar;C:\Users\formation\.m2\repository\org\bouncycastle\bcprov-jdk16\1.45\bcprov-jdk16-1.45.jar;C:\Users\formation\.m2\repository\junit\junit\4.12\junit-4.12.jar;C:\Users\formation\.m2\repository\org\hamcrest\hamcrest-core\1.3\hamcrest-core-1.3.jar;C:\Installation\SmartBear\SoapUI-5.4.0\bin\soapui-5.4.0.jar;C:\Installation\SmartBear\SoapUI-5.4.0\lib\proxy-vole-20131209.jar;C:\Installation\SmartBear\SoapUI-5.4.0\lib\xbean-fixed-2.4.0.jar;C:\Users\formation\.m2\repository\log4j\log4j\1.2.8\log4j-1.2.8.jar;C:\Users\formation\.m2\repository\com\fifesoft\rsyntaxtextarea\1.4.0\rsyntaxtextarea-1.4.0.jar;C:\Installation\SmartBear\SoapUI-5.4.0\lib\jms-1.1.jar;C:\Users\formation\.m2\repository\commons-io\commons-io\2.6\commons-io-2.6.jar;C:\Users\formation\.m2\repository\org\apache\httpcomponents\httpclient\4.1.1\httpclient-4.1.1.jar;C:\Users\formation\.m2\repository\org\apache\httpcomponents\httpcore\4.1\httpcore-4.1.jar;C:\Users\formation\.m2\repository\commons-logging\commons-logging\1.1.1\commons-logging-1.1.1.jar;C:\Users\formation\.m2\repository\commons-codec\commons-codec\1.4\commons-codec-1.4.jar;C:\Users\formation\.m2\repository\xalan\xalan\2.7.0\xalan-2.7.0.jar;C:\Users\formation\.m2\repository\xml-apis\xml-apis\1.0.b2\xml-apis-1.0.b2.jar;C:\Users\formation\.m2\repository\org\reflections\reflections\0.9.9-RC1\reflections-0.9.9-RC1.jar;C:\Users\formation\.m2\repository\com\google\guava\guava\11.0.2\guava-11.0.2.jar;C:\Users\formation\.m2\repository\com\google\code\findbugs\jsr305\1.3.9\jsr305-1.3.9.jar;C:\Users\formation\.m2\repository\org\javassist\javassist\3.16.1-GA\javassist-3.16.1-GA.jar;C:\Users\formation\.m2\repository\dom4j\dom4j\1.6.1\dom4j-1.6.1.jar;C:\Users\formation\.m2\repository\org\codehaus\groovy\groovy-all\2.4.4\groovy-all-2.4.4.jar;C:\Users\formation\.m2\repository\commons-lang\commons-lang\2.4\commons-lang-2.4.jar;C:\Users\formation\.m2\repository\commons-beanutils\commons-beanutils\1.7.0\commons-beanutils-1.7.0.jar;C:\Users\formation\.m2\repository\commons-collections\commons-collections\3.2.1\commons-collections-3.2.1.jar;C:\Users\formation\.m2\repository\commons-cli\commons-cli\1.0\commons-cli-1.0.jar;C:\Users\formation\.m2\repository\javax\mail\mail\1.4\mail-1.4.jar;C:\Users\formation\.m2\repository\javax\activation\activation\1.1\activation-1.1.jar;C:\Users\formation\.m2\repository\org\mortbay\jetty\servlet-api\2.5-20081211\servlet-api-2.5-20081211.jar;C:\Users\formation\.m2\repository\wsdl4j\wsdl4j\1.6.2\wsdl4j-1.6.2.jar;C:\Users\formation\.m2\repository\xerces\xercesImpl\2.9.1\xercesImpl-2.9.1.jar;C:\Users\formation\.m2\repository\xmlunit\xmlunit\1.2\xmlunit-1.2.jar;"/>
    <property name="sun.cpu.endian" value="little"/>
    <property name="user.home" value="C:\Users\formation"/>
    <property name="user.language" value="fr"/>
    <property name="java.specification.vendor" value="Oracle Corporation"/>
    <property name="java.home" value="C:\Installation\Java\jdk1.8.0_152\jre"/>
    <property name="basedir" value="C:\Users\formation\Documents\SquashTA-1.10.0-RELEASE-workspace\SoapMethodeSimple"/>
    <property name="file.separator" value="\"/>
    <property name="line.separator" value="&#10;"/>
    <property name="java.vm.specification.vendor" value="Oracle Corporation"/>
    <property name="java.specification.name" value="Java Platform API Specification"/>
    <property name="java.awt.graphicsenv" value="sun.awt.Win32GraphicsEnvironment"/>
    <property name="surefire.real.class.path" value="C:\Users\formation\AppData\Local\Temp\surefire5744807754659067884\surefirebooter1480738486102945275.jar"/>
    <property name="sun.boot.class.path" value="C:\Installation\Java\jdk1.8.0_152\jre\lib\resources.jar;C:\Installation\Java\jdk1.8.0_152\jre\lib\rt.jar;C:\Installation\Java\jdk1.8.0_152\jre\lib\sunrsasign.jar;C:\Installation\Java\jdk1.8.0_152\jre\lib\jsse.jar;C:\Installation\Java\jdk1.8.0_152\jre\lib\jce.jar;C:\Installation\Java\jdk1.8.0_152\jre\lib\charsets.jar;C:\Installation\Java\jdk1.8.0_152\jre\lib\jfr.jar;C:\Installation\Java\jdk1.8.0_152\jre\classes"/>
    <property name="user.script" value=""/>
    <property name="sun.management.compiler" value="HotSpot 64-Bit Tiered Compilers"/>
    <property name="java.runtime.version" value="1.8.0_152-b16"/>
    <property name="user.name" value="formation"/>
    <property name="path.separator" value=";"/>
    <property name="os.version" value="10.0"/>
    <property name="java.endorsed.dirs" value="C:\Installation\Java\jdk1.8.0_152\jre\lib\endorsed"/>
    <property name="java.runtime.name" value="Java(TM) SE Runtime Environment"/>
    <property name="file.encoding" value="Cp1252"/>
    <property name="java.vm.name" value="Java HotSpot(TM) 64-Bit Server VM"/>
    <property name="localRepository" value="C:\Users\formation\.m2\repository"/>
    <property name="java.vendor.url.bug" value="http://bugreport.sun.com/bugreport/"/>
    <property name="java.io.tmpdir" value="C:\Users\FORMAT~1\AppData\Local\Temp\"/>
    <property name="java.version" value="1.8.0_152"/>
    <property name="user.dir" value="C:\Users\formation\Documents\SquashTA-1.10.0-RELEASE-workspace\SoapMethodeSimple"/>
    <property name="os.arch" value="amd64"/>
    <property name="java.vm.specification.name" value="Java Virtual Machine Specification"/>
    <property name="java.awt.printerjob" value="sun.awt.windows.WPrinterJob"/>
    <property name="sun.os.patch.level" value=""/>
    <property name="java.library.path" value="C:\Installation\Java\jdk1.8.0_152\jre\bin;C:\WINDOWS\Sun\Java\bin;C:\WINDOWS\system32;C:\WINDOWS;C:/Installation/Java/jdk1.8.0_152/bin/../jre/bin/server;C:/Installation/Java/jdk1.8.0_152/bin/../jre/bin;C:/Installation/Java/jdk1.8.0_152/bin/../jre/lib/amd64;C:\Installation\Java\jdk1.8.0_152\bin;C:\Installation\SquashTA-Toolbox-1.10.0-RELEASE\apache-maven-3.5.0\bin;C:\Installation\SquashTA-Toolbox-1.10.0-RELEASE\eclipse-jee-oxygen-R-win32-x86_64;C:\ProgramData\Oracle\Java\javapath;C:\WINDOWS\system32;C:\WINDOWS;C:\WINDOWS\System32\Wbem;C:\WINDOWS\System32\WindowsPowerShell\v1.0\;C:\WINDOWS\System32\OpenSSH\;C:\Installation\wamp\bin\mysql\mysql5.1.36\bin;C:\INSTAL~1\Groovy\GROOVY~1.15\bin;C:\ProgramData\chocolatey\bin;C:\Installation\Java\jdk1.8.0_152\bin;C:\Program Files\Git\cmd;C:\Installation\SquashTA-Toolbox-1.10.0-RELEASE\apache-maven-3.5.0\bin;C:\Users\formation\AppData\Local\Microsoft\WindowsApps;;C:\Installation\SquashTA-Toolbox-1.10.0-RELEASE\eclipse-jee-oxygen-R-win32-x86_64;;."/>
    <property name="java.vm.info" value="mixed mode"/>
    <property name="java.vendor" value="Oracle Corporation"/>
    <property name="java.vm.version" value="25.152-b16"/>
    <property name="java.ext.dirs" value="C:\Installation\Java\jdk1.8.0_152\jre\lib\ext;C:\WINDOWS\Sun\Java\lib\ext"/>
    <property name="sun.io.unicode.encoding" value="UnicodeLittle"/>
    <property name="java.class.version" value="52.0"/>
  </properties>
  <testcase name="testSoapUITestCaseTest[TestCase 1]" classname="eql.RunnerSoapUI_parameteredTest" time="0.697">
    <system-out><![CDATA[Nom du cas de test SoapUI : TestCase 1
20:43:04,282 INFO  [WsdlProject] Loaded project from [file:/C:/Users/formation/Documents/SquashTA-1.10.0-RELEASE-workspace/SoapMethodeSimple/src/test/resources/NOAA2-soapui-project.xml]
20:43:04,284 DEBUG [HttpClientSupport$SoapUIHttpClient] Stale connection check
20:43:04,287 DEBUG [HttpClientSupport$SoapUIHttpClient] Attempt 1 to execute request
20:43:04,287 DEBUG [SoapUIMultiThreadedHttpConnectionManager$SoapUIDefaultClientConnection] Sending request: POST /xml/SOAP_server/ndfdXMLserver.php HTTP/1.1
20:43:04,529 DEBUG [SoapUIMultiThreadedHttpConnectionManager$SoapUIDefaultClientConnection] Receiving response: HTTP/1.1 200 OK
20:43:04,529 DEBUG [HttpClientSupport$SoapUIHttpClient] Connection can be kept alive indefinitely
20:43:04,533 WARN  [AbstractSoapVersion] Ignoring validation error: error: cvc-complex-type.3.2.2: Attribute not allowed: encodingStyle@http://schemas.xmlsoap.org/soap/envelope/ in element Envelope@http://schemas.xmlsoap.org/soap/envelope/
20:43:04,534 DEBUG [HttpClientSupport$SoapUIHttpClient] Stale connection check
20:43:04,536 DEBUG [HttpClientSupport$SoapUIHttpClient] Attempt 1 to execute request
20:43:04,536 DEBUG [SoapUIMultiThreadedHttpConnectionManager$SoapUIDefaultClientConnection] Sending request: POST /xml/SOAP_server/ndfdXMLserver.php HTTP/1.1
20:43:04,774 DEBUG [SoapUIMultiThreadedHttpConnectionManager$SoapUIDefaultClientConnection] Receiving response: HTTP/1.1 200 OK
20:43:04,775 DEBUG [HttpClientSupport$SoapUIHttpClient] Connection can be kept alive indefinitely
20:43:04,777 WARN  [AbstractSoapVersion] Ignoring validation error: error: cvc-complex-type.3.2.2: Attribute not allowed: encodingStyle@http://schemas.xmlsoap.org/soap/envelope/ in element Envelope@http://schemas.xmlsoap.org/soap/envelope/
20:43:04,779 DEBUG [HttpClientSupport$SoapUIHttpClient] Stale connection check
20:43:04,781 DEBUG [HttpClientSupport$SoapUIHttpClient] Attempt 1 to execute request
20:43:04,781 DEBUG [SoapUIMultiThreadedHttpConnectionManager$SoapUIDefaultClientConnection] Sending request: POST /xml/SOAP_server/ndfdXMLserver.php HTTP/1.1
20:43:04,987 DEBUG [SoapUIMultiThreadedHttpConnectionManager$SoapUIDefaultClientConnection] Receiving response: HTTP/1.1 200 OK
20:43:04,987 DEBUG [HttpClientSupport$SoapUIHttpClient] Connection can be kept alive indefinitely
20:43:04,993 WARN  [AbstractSoapVersion] Ignoring validation error: error: cvc-complex-type.3.2.2: Attribute not allowed: encodingStyle@http://schemas.xmlsoap.org/soap/envelope/ in element Envelope@http://schemas.xmlsoap.org/soap/envelope/
cas de test soapUI terminé ('com.eviware.soapui.impl.wsdl.WsdlTestSuite@edb83f8':'TestCase 1') : FINISHED
cas de test soapUI terminé ('com.eviware.soapui.impl.wsdl.WsdlTestSuite@8b41ad':'TestCase 1') : FINISHED
]]></system-out>
    <system-err><![CDATA[runner soapUI, le cas de test est null : TestCase 1
]]></system-err>
  </testcase>
  <testcase name="testSoapUITestCaseTest[LatLonListCityName]" classname="eql.RunnerSoapUI_parameteredTest" time="0.169">
    <system-out><![CDATA[Nom du cas de test SoapUI : LatLonListCityName
20:43:05,004 INFO  [WsdlProject] Loaded project from [file:/C:/Users/formation/Documents/SquashTA-1.10.0-RELEASE-workspace/SoapMethodeSimple/src/test/resources/NOAA2-soapui-project.xml]
cas de test soapUI terminé ('com.eviware.soapui.impl.wsdl.WsdlTestSuite@78479f2b':'LatLonListCityName') : INITIALIZED
20:43:05,006 DEBUG [HttpClientSupport$SoapUIHttpClient] Stale connection check
20:43:05,007 DEBUG [HttpClientSupport$SoapUIHttpClient] Attempt 1 to execute request
20:43:05,007 DEBUG [SoapUIMultiThreadedHttpConnectionManager$SoapUIDefaultClientConnection] Sending request: POST /xml/SOAP_server/ndfdXMLserver.php HTTP/1.1
20:43:05,150 DEBUG [SoapUIMultiThreadedHttpConnectionManager$SoapUIDefaultClientConnection] Receiving response: HTTP/1.1 200 OK
20:43:05,151 DEBUG [HttpClientSupport$SoapUIHttpClient] Connection can be kept alive indefinitely
20:43:05,160 WARN  [AbstractSoapVersion] Ignoring validation error: error: cvc-complex-type.3.2.2: Attribute not allowed: encodingStyle@http://schemas.xmlsoap.org/soap/envelope/ in element Envelope@http://schemas.xmlsoap.org/soap/envelope/
cas de test soapUI terminé ('com.eviware.soapui.impl.wsdl.WsdlTestSuite@45b7c97f':'LatLonListCityName') : FINISHED
]]></system-out>
    <system-err><![CDATA[runner soapUI, le cas de test est null : LatLonListCityName
]]></system-err>
  </testcase>
  <testcase name="testSoapUITestCaseTest[LatLonListLine]" classname="eql.RunnerSoapUI_parameteredTest" time="0.397">
    <system-out><![CDATA[Nom du cas de test SoapUI : LatLonListLine
20:43:05,180 INFO  [WsdlProject] Loaded project from [file:/C:/Users/formation/Documents/SquashTA-1.10.0-RELEASE-workspace/SoapMethodeSimple/src/test/resources/NOAA2-soapui-project.xml]
cas de test soapUI terminé ('com.eviware.soapui.impl.wsdl.WsdlTestSuite@72fb989b':'LatLonListLine') : INITIALIZED
20:43:05,183 DEBUG [HttpClientSupport$SoapUIHttpClient] Stale connection check
20:43:05,185 DEBUG [HttpClientSupport$SoapUIHttpClient] Attempt 1 to execute request
20:43:05,185 DEBUG [SoapUIMultiThreadedHttpConnectionManager$SoapUIDefaultClientConnection] Sending request: POST /xml/SOAP_server/ndfdXMLserver.php HTTP/1.1
20:43:05,383 DEBUG [SoapUIMultiThreadedHttpConnectionManager$SoapUIDefaultClientConnection] Receiving response: HTTP/1.1 200 OK
20:43:05,383 DEBUG [HttpClientSupport$SoapUIHttpClient] Connection can be kept alive indefinitely
20:43:05,388 WARN  [AbstractSoapVersion] Ignoring validation error: error: cvc-complex-type.3.2.2: Attribute not allowed: encodingStyle@http://schemas.xmlsoap.org/soap/envelope/ in element Envelope@http://schemas.xmlsoap.org/soap/envelope/
20:43:05,390 DEBUG [HttpClientSupport$SoapUIHttpClient] Stale connection check
20:43:05,393 DEBUG [HttpClientSupport$SoapUIHttpClient] Attempt 1 to execute request
20:43:05,393 DEBUG [SoapUIMultiThreadedHttpConnectionManager$SoapUIDefaultClientConnection] Sending request: POST /xml/SOAP_server/ndfdXMLserver.php HTTP/1.1
20:43:05,556 DEBUG [SoapUIMultiThreadedHttpConnectionManager$SoapUIDefaultClientConnection] Receiving response: HTTP/1.1 500 Internal Server Error
20:43:05,557 DEBUG [SoapUIMultiThreadedHttpConnectionManager$SoapUIDefaultClientConnection] Connection shut down
20:43:05,560 WARN  [AbstractSoapVersion] Ignoring validation error: error: cvc-complex-type.3.2.2: Attribute not allowed: encodingStyle@http://schemas.xmlsoap.org/soap/envelope/ in element Envelope@http://schemas.xmlsoap.org/soap/envelope/
cas de test soapUI terminé ('com.eviware.soapui.impl.wsdl.WsdlTestSuite@5599b5bb':'LatLonListLine') : FINISHED
]]></system-out>
    <system-err><![CDATA[runner soapUI, le cas de test est null : LatLonListLine
]]></system-err>
  </testcase>
  <testcase name="testSoapUITestCaseTest[LatLonListSquare]" classname="eql.RunnerSoapUI_parameteredTest" time="0.189">
    <system-out><![CDATA[Nom du cas de test SoapUI : LatLonListSquare
20:43:05,569 INFO  [WsdlProject] Loaded project from [file:/C:/Users/formation/Documents/SquashTA-1.10.0-RELEASE-workspace/SoapMethodeSimple/src/test/resources/NOAA2-soapui-project.xml]
cas de test soapUI terminé ('com.eviware.soapui.impl.wsdl.WsdlTestSuite@496cedbb':'LatLonListSquare') : INITIALIZED
20:43:05,577 DEBUG [HttpClientSupport$SoapUIHttpClient] Attempt 1 to execute request
20:43:05,577 DEBUG [SoapUIMultiThreadedHttpConnectionManager$SoapUIDefaultClientConnection] Sending request: POST /xml/SOAP_server/ndfdXMLserver.php HTTP/1.1
20:43:05,747 DEBUG [SoapUIMultiThreadedHttpConnectionManager$SoapUIDefaultClientConnection] Receiving response: HTTP/1.1 200 OK
20:43:05,747 DEBUG [HttpClientSupport$SoapUIHttpClient] Connection can be kept alive indefinitely
20:43:05,750 WARN  [AbstractSoapVersion] Ignoring validation error: error: cvc-complex-type.3.2.2: Attribute not allowed: encodingStyle@http://schemas.xmlsoap.org/soap/envelope/ in element Envelope@http://schemas.xmlsoap.org/soap/envelope/
cas de test soapUI terminé ('com.eviware.soapui.impl.wsdl.WsdlTestSuite@2cbe455c':'LatLonListSquare') : FINISHED
]]></system-out>
    <system-err><![CDATA[runner soapUI, le cas de test est null : LatLonListSquare
]]></system-err>
  </testcase>
</testsuite>